2025-08-29 17:04:58,293 - INFO - Starting weekly email job
2025-08-29 17:04:58,293 - ERROR - Weekly email job failed: AZURE_COMMUNICATION_CONNECTION_STRING environment variable is required
2025-08-29 17:05:39,459 - INFO - Starting weekly email job
2025-08-29 17:05:39,461 - ERROR - Fatal error in weekly email job: Set SQLSERVER_CONN (or pass conn_str). Example: mssql+pyodbc://user:pass@host/db?driver=ODBC+Driver+18+for+SQL+Server
2025-08-29 17:05:39,461 - ERROR - Weekly email job failed: Set SQLSERVER_CONN (or pass conn_str). Example: mssql+pyodbc://user:pass@host/db?driver=ODBC+Driver+18+for+SQL+Server
2025-08-29 17:06:29,268 - INFO - Starting weekly email job
2025-08-29 17:06:30,300 - INFO - Found 1 active subscriptions
2025-08-29 17:06:31,740 - INFO - Request URL: 'https://fabric-gps-comms.canada.communication.azure.com/emails:send?api-version=REDACTED'
Request method: 'POST'
Request headers:
    'Content-Type': 'application/json'
    'Content-Length': '122630'
    'Accept': 'application/json'
    'x-ms-client-request-id': '6b80b1b2-8524-11f0-a77d-07bcd468f913'
    'User-Agent': 'azsdk-python-communication-email/1.0.0 Python/3.10.12 (Linux-5.15.167.4-microsoft-standard-WSL2-x86_64-with-glibc2.35)'
    'x-ms-date': 'REDACTED'
    'x-ms-content-sha256': 'REDACTED'
    'x-ms-return-client-request-id': 'true'
    'Authorization': 'REDACTED'
A body is sent with the request
2025-08-29 17:06:32,490 - INFO - Response status: 202
Response headers:
    'Date': 'Fri, 29 Aug 2025 22:06:33 GMT'
    'Content-Type': 'application/json; charset=utf-8'
    'Content-Length': '77'
    'Connection': 'keep-alive'
    'Retry-After': '3'
    'MS-CV': 'REDACTED'
    'mise-correlation-id': 'REDACTED'
    'Operation-Location': 'REDACTED'
    'api-supported-versions': 'REDACTED'
    'x-azure-ref': 'REDACTED'
    'Strict-Transport-Security': 'REDACTED'
    'X-Cache': 'REDACTED'
2025-08-29 17:06:32,491 - INFO - Request URL: 'https://fabric-gps-comms.canada.communication.azure.com/emails/operations/b6f3a384-7955-45a7-882d-6b0e919151ff?api-version=REDACTED'
Request method: 'GET'
Request headers:
    'x-ms-client-request-id': '6b80b1b2-8524-11f0-a77d-07bcd468f913'
    'User-Agent': 'azsdk-python-communication-email/1.0.0 Python/3.10.12 (Linux-5.15.167.4-microsoft-standard-WSL2-x86_64-with-glibc2.35)'
    'x-ms-date': 'REDACTED'
    'x-ms-content-sha256': 'REDACTED'
    'x-ms-return-client-request-id': 'true'
    'Authorization': 'REDACTED'
No body was attached to the request
2025-08-29 17:06:32,563 - INFO - Response status: 200
Response headers:
    'Date': 'Fri, 29 Aug 2025 22:06:33 GMT'
    'Content-Type': 'application/json; charset=utf-8'
    'Content-Length': '77'
    'Connection': 'keep-alive'
    'Retry-After': '3'
    'MS-CV': 'REDACTED'
    'mise-correlation-id': 'REDACTED'
    'api-supported-versions': 'REDACTED'
    'x-azure-ref': 'REDACTED'
    'Strict-Transport-Security': 'REDACTED'
    'X-Cache': 'REDACTED'
    'Accept-Ranges': 'REDACTED'
2025-08-29 17:06:35,567 - INFO - Request URL: 'https://fabric-gps-comms.canada.communication.azure.com/emails/operations/b6f3a384-7955-45a7-882d-6b0e919151ff?api-version=REDACTED'
Request method: 'GET'
Request headers:
    'x-ms-client-request-id': '6b80b1b2-8524-11f0-a77d-07bcd468f913'
    'User-Agent': 'azsdk-python-communication-email/1.0.0 Python/3.10.12 (Linux-5.15.167.4-microsoft-standard-WSL2-x86_64-with-glibc2.35)'
    'x-ms-date': 'REDACTED'
    'x-ms-content-sha256': 'REDACTED'
    'x-ms-return-client-request-id': 'true'
    'Authorization': 'REDACTED'
No body was attached to the request
2025-08-29 17:06:35,643 - INFO - Response status: 200
Response headers:
    'Date': 'Fri, 29 Aug 2025 22:06:36 GMT'
    'Content-Type': 'application/json; charset=utf-8'
    'Content-Length': '77'
    'Connection': 'keep-alive'
    'Retry-After': '3'
    'MS-CV': 'REDACTED'
    'mise-correlation-id': 'REDACTED'
    'api-supported-versions': 'REDACTED'
    'x-azure-ref': 'REDACTED'
    'Strict-Transport-Security': 'REDACTED'
    'X-Cache': 'REDACTED'
    'Accept-Ranges': 'REDACTED'
2025-08-29 17:06:39,858 - INFO - Request URL: 'https://fabric-gps-comms.canada.communication.azure.com/emails/operations/b6f3a384-7955-45a7-882d-6b0e919151ff?api-version=REDACTED'
Request method: 'GET'
Request headers:
    'x-ms-client-request-id': '6b80b1b2-8524-11f0-a77d-07bcd468f913'
    'User-Agent': 'azsdk-python-communication-email/1.0.0 Python/3.10.12 (Linux-5.15.167.4-microsoft-standard-WSL2-x86_64-with-glibc2.35)'
    'x-ms-date': 'REDACTED'
    'x-ms-content-sha256': 'REDACTED'
    'x-ms-return-client-request-id': 'true'
    'Authorization': 'REDACTED'
No body was attached to the request
2025-08-29 17:06:39,931 - INFO - Response status: 200
Response headers:
    'Date': 'Fri, 29 Aug 2025 22:06:39 GMT'
    'Content-Type': 'application/json; charset=utf-8'
    'Content-Length': '79'
    'Connection': 'keep-alive'
    'MS-CV': 'REDACTED'
    'mise-correlation-id': 'REDACTED'
    'api-supported-versions': 'REDACTED'
    'x-azure-ref': 'REDACTED'
    'Strict-Transport-Security': 'REDACTED'
    'X-Cache': 'REDACTED'
    'Accept-Ranges': 'REDACTED'
2025-08-29 17:06:39,931 - ERROR - Unexpected response when sending to cameronb@hey.com
2025-08-29 17:06:39,932 - ERROR - Failed to send email to cameronb@hey.com
2025-08-29 17:06:39,932 - INFO - Weekly email job completed. Sent: 0, Errors: 1
2025-08-29 17:06:39,932 - INFO - Weekly email job completed successfully
2025-08-29 17:10:24,811 - INFO - Starting weekly email job
2025-08-29 17:10:25,848 - INFO - Found 1 active subscriptions
2025-08-29 17:10:27,360 - INFO - Request URL: 'https://fabric-gps-comms.canada.communication.azure.com/emails:send?api-version=REDACTED'
Request method: 'POST'
Request headers:
    'Content-Type': 'application/json'
    'Content-Length': '122630'
    'Accept': 'application/json'
    'x-ms-client-request-id': 'f7f1863a-8524-11f0-a77d-07bcd468f913'
    'User-Agent': 'azsdk-python-communication-email/1.0.0 Python/3.10.12 (Linux-5.15.167.4-microsoft-standard-WSL2-x86_64-with-glibc2.35)'
    'x-ms-date': 'REDACTED'
    'x-ms-content-sha256': 'REDACTED'
    'x-ms-return-client-request-id': 'true'
    'Authorization': 'REDACTED'
A body is sent with the request
2025-08-29 17:10:27,908 - INFO - Response status: 202
Response headers:
    'Date': 'Fri, 29 Aug 2025 22:10:28 GMT'
    'Content-Type': 'application/json; charset=utf-8'
    'Content-Length': '77'
    'Connection': 'keep-alive'
    'Retry-After': '3'
    'MS-CV': 'REDACTED'
    'mise-correlation-id': 'REDACTED'
    'Operation-Location': 'REDACTED'
    'api-supported-versions': 'REDACTED'
    'x-azure-ref': 'REDACTED'
    'Strict-Transport-Security': 'REDACTED'
    'X-Cache': 'REDACTED'
2025-08-29 17:10:27,910 - INFO - Request URL: 'https://fabric-gps-comms.canada.communication.azure.com/emails/operations/068d88c9-7a93-4dcc-b7c7-cb015ef9533a?api-version=REDACTED'
Request method: 'GET'
Request headers:
    'x-ms-client-request-id': 'f7f1863a-8524-11f0-a77d-07bcd468f913'
    'User-Agent': 'azsdk-python-communication-email/1.0.0 Python/3.10.12 (Linux-5.15.167.4-microsoft-standard-WSL2-x86_64-with-glibc2.35)'
    'x-ms-date': 'REDACTED'
    'x-ms-content-sha256': 'REDACTED'
    'x-ms-return-client-request-id': 'true'
    'Authorization': 'REDACTED'
No body was attached to the request
2025-08-29 17:10:27,990 - INFO - Response status: 200
Response headers:
    'Date': 'Fri, 29 Aug 2025 22:10:28 GMT'
    'Content-Type': 'application/json; charset=utf-8'
    'Content-Length': '77'
    'Connection': 'keep-alive'
    'Retry-After': '3'
    'MS-CV': 'REDACTED'
    'mise-correlation-id': 'REDACTED'
    'api-supported-versions': 'REDACTED'
    'x-azure-ref': 'REDACTED'
    'Strict-Transport-Security': 'REDACTED'
    'X-Cache': 'REDACTED'
    'Accept-Ranges': 'REDACTED'
2025-08-29 17:10:30,993 - INFO - Request URL: 'https://fabric-gps-comms.canada.communication.azure.com/emails/operations/068d88c9-7a93-4dcc-b7c7-cb015ef9533a?api-version=REDACTED'
Request method: 'GET'
Request headers:
    'x-ms-client-request-id': 'f7f1863a-8524-11f0-a77d-07bcd468f913'
    'User-Agent': 'azsdk-python-communication-email/1.0.0 Python/3.10.12 (Linux-5.15.167.4-microsoft-standard-WSL2-x86_64-with-glibc2.35)'
    'x-ms-date': 'REDACTED'
    'x-ms-content-sha256': 'REDACTED'
    'x-ms-return-client-request-id': 'true'
    'Authorization': 'REDACTED'
No body was attached to the request
2025-08-29 17:10:31,068 - INFO - Response status: 200
Response headers:
    'Date': 'Fri, 29 Aug 2025 22:10:31 GMT'
    'Content-Type': 'application/json; charset=utf-8'
    'Content-Length': '79'
    'Connection': 'keep-alive'
    'MS-CV': 'REDACTED'
    'mise-correlation-id': 'REDACTED'
    'api-supported-versions': 'REDACTED'
    'x-azure-ref': 'REDACTED'
    'Strict-Transport-Security': 'REDACTED'
    'X-Cache': 'REDACTED'
    'Accept-Ranges': 'REDACTED'
2025-08-29 17:10:31,069 - ERROR - Unexpected response when sending to cameronb@hey.com
2025-08-29 17:10:31,069 - ERROR - Failed to send email to cameronb@hey.com
2025-08-29 17:10:31,069 - INFO - Weekly email job completed. Sent: 0, Errors: 1
2025-08-29 17:10:31,069 - INFO - Weekly email job completed successfully
2025-08-29 17:13:37,685 - INFO - Starting weekly email job
2025-08-29 17:13:38,671 - INFO - Found 1 active subscriptions
2025-08-29 17:13:38,898 - INFO - Request URL: 'https://fabric-gps-comms.canada.communication.azure.com/emails:send?api-version=REDACTED'
Request method: 'POST'
Request headers:
    'Content-Type': 'application/json'
    'Content-Length': '122630'
    'Accept': 'application/json'
    'x-ms-client-request-id': '6a1bef66-8525-11f0-a77d-07bcd468f913'
    'User-Agent': 'azsdk-python-communication-email/1.0.0 Python/3.10.12 (Linux-5.15.167.4-microsoft-standard-WSL2-x86_64-with-glibc2.35)'
    'x-ms-date': 'REDACTED'
    'x-ms-content-sha256': 'REDACTED'
    'x-ms-return-client-request-id': 'true'
    'Authorization': 'REDACTED'
A body is sent with the request
2025-08-29 17:13:39,636 - INFO - Response status: 202
Response headers:
    'Date': 'Fri, 29 Aug 2025 22:13:40 GMT'
    'Content-Type': 'application/json; charset=utf-8'
    'Content-Length': '77'
    'Connection': 'keep-alive'
    'Retry-After': '3'
    'MS-CV': 'REDACTED'
    'mise-correlation-id': 'REDACTED'
    'Operation-Location': 'REDACTED'
    'api-supported-versions': 'REDACTED'
    'x-azure-ref': 'REDACTED'
    'Strict-Transport-Security': 'REDACTED'
    'X-Cache': 'REDACTED'
2025-08-29 17:13:39,637 - INFO - Request URL: 'https://fabric-gps-comms.canada.communication.azure.com/emails/operations/121a4309-07fa-4660-9ace-df18b5faf78b?api-version=REDACTED'
Request method: 'GET'
Request headers:
    'x-ms-client-request-id': '6a1bef66-8525-11f0-a77d-07bcd468f913'
    'User-Agent': 'azsdk-python-communication-email/1.0.0 Python/3.10.12 (Linux-5.15.167.4-microsoft-standard-WSL2-x86_64-with-glibc2.35)'
    'x-ms-date': 'REDACTED'
    'x-ms-content-sha256': 'REDACTED'
    'x-ms-return-client-request-id': 'true'
    'Authorization': 'REDACTED'
No body was attached to the request
2025-08-29 17:13:39,712 - INFO - Response status: 200
Response headers:
    'Date': 'Fri, 29 Aug 2025 22:13:40 GMT'
    'Content-Type': 'application/json; charset=utf-8'
    'Content-Length': '77'
    'Connection': 'keep-alive'
    'Retry-After': '3'
    'MS-CV': 'REDACTED'
    'mise-correlation-id': 'REDACTED'
    'api-supported-versions': 'REDACTED'
    'x-azure-ref': 'REDACTED'
    'Strict-Transport-Security': 'REDACTED'
    'X-Cache': 'REDACTED'
    'Accept-Ranges': 'REDACTED'
2025-08-29 17:13:42,714 - INFO - Request URL: 'https://fabric-gps-comms.canada.communication.azure.com/emails/operations/121a4309-07fa-4660-9ace-df18b5faf78b?api-version=REDACTED'
Request method: 'GET'
Request headers:
    'x-ms-client-request-id': '6a1bef66-8525-11f0-a77d-07bcd468f913'
    'User-Agent': 'azsdk-python-communication-email/1.0.0 Python/3.10.12 (Linux-5.15.167.4-microsoft-standard-WSL2-x86_64-with-glibc2.35)'
    'x-ms-date': 'REDACTED'
    'x-ms-content-sha256': 'REDACTED'
    'x-ms-return-client-request-id': 'true'
    'Authorization': 'REDACTED'
No body was attached to the request
2025-08-29 17:13:42,788 - INFO - Response status: 200
Response headers:
    'Date': 'Fri, 29 Aug 2025 22:13:44 GMT'
    'Content-Type': 'application/json; charset=utf-8'
    'Content-Length': '77'
    'Connection': 'keep-alive'
    'Retry-After': '3'
    'MS-CV': 'REDACTED'
    'mise-correlation-id': 'REDACTED'
    'api-supported-versions': 'REDACTED'
    'x-azure-ref': 'REDACTED'
    'Strict-Transport-Security': 'REDACTED'
    'X-Cache': 'REDACTED'
    'Accept-Ranges': 'REDACTED'
2025-08-29 17:13:45,790 - INFO - Request URL: 'https://fabric-gps-comms.canada.communication.azure.com/emails/operations/121a4309-07fa-4660-9ace-df18b5faf78b?api-version=REDACTED'
Request method: 'GET'
Request headers:
    'x-ms-client-request-id': '6a1bef66-8525-11f0-a77d-07bcd468f913'
    'User-Agent': 'azsdk-python-communication-email/1.0.0 Python/3.10.12 (Linux-5.15.167.4-microsoft-standard-WSL2-x86_64-with-glibc2.35)'
    'x-ms-date': 'REDACTED'
    'x-ms-content-sha256': 'REDACTED'
    'x-ms-return-client-request-id': 'true'
    'Authorization': 'REDACTED'
No body was attached to the request
2025-08-29 17:13:45,889 - INFO - Response status: 200
Response headers:
    'Date': 'Fri, 29 Aug 2025 22:13:47 GMT'
    'Content-Type': 'application/json; charset=utf-8'
    'Content-Length': '79'
    'Connection': 'keep-alive'
    'MS-CV': 'REDACTED'
    'mise-correlation-id': 'REDACTED'
    'api-supported-versions': 'REDACTED'
    'x-azure-ref': 'REDACTED'
    'Strict-Transport-Security': 'REDACTED'
    'X-Cache': 'REDACTED'
    'Accept-Ranges': 'REDACTED'
2025-08-29 17:13:45,890 - ERROR - Azure Communication Services error sending to cameronb@hey.com: 'dict' object has no attribute 'id'
2025-08-29 17:13:45,890 - ERROR - Failed to send email to cameronb@hey.com
2025-08-29 17:13:45,890 - INFO - Weekly email job completed. Sent: 0, Errors: 1
2025-08-29 17:13:45,890 - INFO - Weekly email job completed successfully
2025-08-29 17:16:19,240 - INFO - Starting weekly email job
2025-08-29 17:16:20,152 - INFO - Found 1 active subscriptions
2025-08-29 17:16:20,369 - INFO - Request URL: 'https://fabric-gps-comms.canada.communication.azure.com/emails:send?api-version=REDACTED'
Request method: 'POST'
Request headers:
    'Content-Type': 'application/json'
    'Content-Length': '122630'
    'Accept': 'application/json'
    'x-ms-client-request-id': 'ca5a729e-8525-11f0-a77d-07bcd468f913'
    'User-Agent': 'azsdk-python-communication-email/1.0.0 Python/3.10.12 (Linux-5.15.167.4-microsoft-standard-WSL2-x86_64-with-glibc2.35)'
    'x-ms-date': 'REDACTED'
    'x-ms-content-sha256': 'REDACTED'
    'x-ms-return-client-request-id': 'true'
    'Authorization': 'REDACTED'
A body is sent with the request
2025-08-29 17:16:20,962 - INFO - Response status: 202
Response headers:
    'Date': 'Fri, 29 Aug 2025 22:16:21 GMT'
    'Content-Type': 'application/json; charset=utf-8'
    'Content-Length': '77'
    'Connection': 'keep-alive'
    'Retry-After': '3'
    'MS-CV': 'REDACTED'
    'mise-correlation-id': 'REDACTED'
    'Operation-Location': 'REDACTED'
    'api-supported-versions': 'REDACTED'
    'x-azure-ref': 'REDACTED'
    'Strict-Transport-Security': 'REDACTED'
    'X-Cache': 'REDACTED'
2025-08-29 17:16:20,963 - INFO - Request URL: 'https://fabric-gps-comms.canada.communication.azure.com/emails/operations/27168e75-5fc2-48d9-b7f4-47aa8decf32e?api-version=REDACTED'
Request method: 'GET'
Request headers:
    'x-ms-client-request-id': 'ca5a729e-8525-11f0-a77d-07bcd468f913'
    'User-Agent': 'azsdk-python-communication-email/1.0.0 Python/3.10.12 (Linux-5.15.167.4-microsoft-standard-WSL2-x86_64-with-glibc2.35)'
    'x-ms-date': 'REDACTED'
    'x-ms-content-sha256': 'REDACTED'
    'x-ms-return-client-request-id': 'true'
    'Authorization': 'REDACTED'
No body was attached to the request
2025-08-29 17:16:21,310 - INFO - Response status: 200
Response headers:
    'Date': 'Fri, 29 Aug 2025 22:16:21 GMT'
    'Content-Type': 'application/json; charset=utf-8'
    'Content-Length': '77'
    'Connection': 'keep-alive'
    'Retry-After': '3'
    'MS-CV': 'REDACTED'
    'mise-correlation-id': 'REDACTED'
    'api-supported-versions': 'REDACTED'
    'x-azure-ref': 'REDACTED'
    'Strict-Transport-Security': 'REDACTED'
    'X-Cache': 'REDACTED'
    'Accept-Ranges': 'REDACTED'
2025-08-29 17:16:24,314 - INFO - Request URL: 'https://fabric-gps-comms.canada.communication.azure.com/emails/operations/27168e75-5fc2-48d9-b7f4-47aa8decf32e?api-version=REDACTED'
Request method: 'GET'
Request headers:
    'x-ms-client-request-id': 'ca5a729e-8525-11f0-a77d-07bcd468f913'
    'User-Agent': 'azsdk-python-communication-email/1.0.0 Python/3.10.12 (Linux-5.15.167.4-microsoft-standard-WSL2-x86_64-with-glibc2.35)'
    'x-ms-date': 'REDACTED'
    'x-ms-content-sha256': 'REDACTED'
    'x-ms-return-client-request-id': 'true'
    'Authorization': 'REDACTED'
No body was attached to the request
2025-08-29 17:16:24,443 - INFO - Response status: 200
Response headers:
    'Date': 'Fri, 29 Aug 2025 22:16:24 GMT'
    'Content-Type': 'application/json; charset=utf-8'
    'Content-Length': '77'
    'Connection': 'keep-alive'
    'Retry-After': '3'
    'MS-CV': 'REDACTED'
    'mise-correlation-id': 'REDACTED'
    'api-supported-versions': 'REDACTED'
    'x-azure-ref': 'REDACTED'
    'Strict-Transport-Security': 'REDACTED'
    'X-Cache': 'REDACTED'
    'Accept-Ranges': 'REDACTED'
2025-08-29 17:16:27,446 - INFO - Request URL: 'https://fabric-gps-comms.canada.communication.azure.com/emails/operations/27168e75-5fc2-48d9-b7f4-47aa8decf32e?api-version=REDACTED'
Request method: 'GET'
Request headers:
    'x-ms-client-request-id': 'ca5a729e-8525-11f0-a77d-07bcd468f913'
    'User-Agent': 'azsdk-python-communication-email/1.0.0 Python/3.10.12 (Linux-5.15.167.4-microsoft-standard-WSL2-x86_64-with-glibc2.35)'
    'x-ms-date': 'REDACTED'
    'x-ms-content-sha256': 'REDACTED'
    'x-ms-return-client-request-id': 'true'
    'Authorization': 'REDACTED'
No body was attached to the request
2025-08-29 17:16:27,568 - INFO - Response status: 200
Response headers:
    'Date': 'Fri, 29 Aug 2025 22:16:28 GMT'
    'Content-Type': 'application/json; charset=utf-8'
    'Content-Length': '79'
    'Connection': 'keep-alive'
    'MS-CV': 'REDACTED'
    'mise-correlation-id': 'REDACTED'
    'api-supported-versions': 'REDACTED'
    'x-azure-ref': 'REDACTED'
    'Strict-Transport-Security': 'REDACTED'
    'X-Cache': 'REDACTED'
    'Accept-Ranges': 'REDACTED'
2025-08-29 17:16:27,569 - ERROR - Failed to send email to cameronb@hey.com
2025-08-29 17:16:27,569 - INFO - Weekly email job completed. Sent: 0, Errors: 1
2025-08-29 17:16:27,569 - INFO - Weekly email job completed successfully
2025-08-29 17:17:47,793 - INFO - Starting weekly email job
2025-08-29 17:17:48,801 - INFO - Found 1 active subscriptions
2025-08-29 17:17:49,024 - INFO - Request URL: 'https://fabric-gps-comms.canada.communication.azure.com/emails:send?api-version=REDACTED'
Request method: 'POST'
Request headers:
    'Content-Type': 'application/json'
    'Content-Length': '122630'
    'Accept': 'application/json'
    'x-ms-client-request-id': 'ff32228c-8525-11f0-a77d-07bcd468f913'
    'User-Agent': 'azsdk-python-communication-email/1.0.0 Python/3.10.12 (Linux-5.15.167.4-microsoft-standard-WSL2-x86_64-with-glibc2.35)'
    'x-ms-date': 'REDACTED'
    'x-ms-content-sha256': 'REDACTED'
    'x-ms-return-client-request-id': 'true'
    'Authorization': 'REDACTED'
A body is sent with the request
2025-08-29 17:17:49,511 - INFO - Response status: 202
Response headers:
    'Date': 'Fri, 29 Aug 2025 22:17:51 GMT'
    'Content-Type': 'application/json; charset=utf-8'
    'Content-Length': '77'
    'Connection': 'keep-alive'
    'Retry-After': '3'
    'MS-CV': 'REDACTED'
    'mise-correlation-id': 'REDACTED'
    'Operation-Location': 'REDACTED'
    'api-supported-versions': 'REDACTED'
    'x-azure-ref': 'REDACTED'
    'Strict-Transport-Security': 'REDACTED'
    'X-Cache': 'REDACTED'
2025-08-29 17:17:49,513 - INFO - Request URL: 'https://fabric-gps-comms.canada.communication.azure.com/emails/operations/542ab6ed-f0ca-47fc-a745-84c05a8e02bf?api-version=REDACTED'
Request method: 'GET'
Request headers:
    'x-ms-client-request-id': 'ff32228c-8525-11f0-a77d-07bcd468f913'
    'User-Agent': 'azsdk-python-communication-email/1.0.0 Python/3.10.12 (Linux-5.15.167.4-microsoft-standard-WSL2-x86_64-with-glibc2.35)'
    'x-ms-date': 'REDACTED'
    'x-ms-content-sha256': 'REDACTED'
    'x-ms-return-client-request-id': 'true'
    'Authorization': 'REDACTED'
No body was attached to the request
2025-08-29 17:17:49,869 - INFO - Response status: 200
Response headers:
    'Date': 'Fri, 29 Aug 2025 22:17:51 GMT'
    'Content-Type': 'application/json; charset=utf-8'
    'Content-Length': '77'
    'Connection': 'keep-alive'
    'Retry-After': '3'
    'MS-CV': 'REDACTED'
    'mise-correlation-id': 'REDACTED'
    'api-supported-versions': 'REDACTED'
    'x-azure-ref': 'REDACTED'
    'Strict-Transport-Security': 'REDACTED'
    'X-Cache': 'REDACTED'
    'Accept-Ranges': 'REDACTED'
2025-08-29 17:17:54,461 - INFO - Request URL: 'https://fabric-gps-comms.canada.communication.azure.com/emails/operations/542ab6ed-f0ca-47fc-a745-84c05a8e02bf?api-version=REDACTED'
Request method: 'GET'
Request headers:
    'x-ms-client-request-id': 'ff32228c-8525-11f0-a77d-07bcd468f913'
    'User-Agent': 'azsdk-python-communication-email/1.0.0 Python/3.10.12 (Linux-5.15.167.4-microsoft-standard-WSL2-x86_64-with-glibc2.35)'
    'x-ms-date': 'REDACTED'
    'x-ms-content-sha256': 'REDACTED'
    'x-ms-return-client-request-id': 'true'
    'Authorization': 'REDACTED'
No body was attached to the request
2025-08-29 17:17:54,594 - INFO - Response status: 200
Response headers:
    'Date': 'Fri, 29 Aug 2025 22:17:54 GMT'
    'Content-Type': 'application/json; charset=utf-8'
    'Content-Length': '79'
    'Connection': 'keep-alive'
    'MS-CV': 'REDACTED'
    'mise-correlation-id': 'REDACTED'
    'api-supported-versions': 'REDACTED'
    'x-azure-ref': 'REDACTED'
    'Strict-Transport-Security': 'REDACTED'
    'X-Cache': 'REDACTED'
    'Accept-Ranges': 'REDACTED'
2025-08-29 17:17:54,595 - INFO - Successfully sent weekly email to cameronb@hey.com
2025-08-29 17:17:55,446 - INFO - Weekly email job completed. Sent: 1, Errors: 0
2025-08-29 17:17:55,447 - INFO - Weekly email job completed successfully
